==24449== Memcheck, a memory error detector
==24449== Copyright (C) 2002-2011, and GNU GPL'd, by Julian Seward et al.
==24449== Using Valgrind-3.7.0 and LibVEX; rerun with -h for copyright info
==24449== Command: ./test/test
==24449== Parent PID: 13328
==24449== 
==24454== 
==24454== HEAP SUMMARY:
==24454==     in use at exit: 5,502 bytes in 200 blocks
==24454==   total heap usage: 218 allocs, 18 frees, 8,172 bytes allocated
==24454== 
==24454== LEAK SUMMARY:
==24454==    definitely lost: 16 bytes in 1 blocks
==24454==    indirectly lost: 184 bytes in 3 blocks
==24454==      possibly lost: 0 bytes in 0 blocks
==24454==    still reachable: 5,302 bytes in 196 blocks
==24454==         suppressed: 0 bytes in 0 blocks
==24454== Rerun with --leak-check=full to see details of leaked memory
==24454== 
==24454== For counts of detected and suppressed errors, rerun with: -v
==24454== ERROR SUMMARY: 0 errors from 0 contexts (suppressed: 2 from 2)
==24455== 
==24455== HEAP SUMMARY:
==24455==     in use at exit: 5,749 bytes in 219 blocks
==24455==   total heap usage: 255 allocs, 36 frees, 9,680 bytes allocated
==24455== 
==24455== LEAK SUMMARY:
==24455==    definitely lost: 40 bytes in 2 blocks
==24455==    indirectly lost: 336 bytes in 18 blocks
==24455==      possibly lost: 0 bytes in 0 blocks
==24455==    still reachable: 5,373 bytes in 199 blocks
==24455==         suppressed: 0 bytes in 0 blocks
==24455== Rerun with --leak-check=full to see details of leaked memory
==24455== 
==24455== For counts of detected and suppressed errors, rerun with: -v
==24455== ERROR SUMMARY: 0 errors from 0 contexts (suppressed: 2 from 2)
==24456== Invalid write of size 8
==24456==    at 0x402355: test_that_find_actually_searches_layers_above (test_skiplist.c:112)
==24456==    by 0x407670: srunner_run_all (in /home/xzgao/NetBeansProjects/s2013-cee/week3-week3_4_11_skip_list/test/test)
==24456==    by 0x40178A: tmc_run_tests (tmc-check.c:99)
==24456==    by 0x403EFB: main (test_skiplist.c:349)
==24456==  Address 0x51f84d8 is 0 bytes after a block of size 8 alloc'd
==24456==    at 0x4C2B6CD: malloc (in /usr/lib/valgrind/vgpreload_memcheck-amd64-linux.so)
==24456==    by 0x401DC0: CreateDummySkipListWithValues (test_skiplist.c:32)
==24456==    by 0x4022F6: test_that_find_actually_searches_layers_above (test_skiplist.c:104)
==24456==    by 0x407670: srunner_run_all (in /home/xzgao/NetBeansProjects/s2013-cee/week3-week3_4_11_skip_list/test/test)
==24456==    by 0x40178A: tmc_run_tests (tmc-check.c:99)
==24456==    by 0x403EFB: main (test_skiplist.c:349)
==24456== 
==24456== 
==24456== HEAP SUMMARY:
==24456==     in use at exit: 5,908 bytes in 222 blocks
==24456==   total heap usage: 278 allocs, 56 frees, 11,576 bytes allocated
==24456== 
==24456== LEAK SUMMARY:
==24456==    definitely lost: 56 bytes in 2 blocks
==24456==    indirectly lost: 400 bytes in 18 blocks
==24456==      possibly lost: 0 bytes in 0 blocks
==24456==    still reachable: 5,452 bytes in 202 blocks
==24456==         suppressed: 0 bytes in 0 blocks
==24456== Rerun with --leak-check=full to see details of leaked memory
==24456== 
==24456== For counts of detected and suppressed errors, rerun with: -v
==24456== ERROR SUMMARY: 2 errors from 1 contexts (suppressed: 2 from 2)
==24457== 
==24457== HEAP SUMMARY:
==24457==     in use at exit: 5,539 bytes in 205 blocks
==24457==   total heap usage: 281 allocs, 76 frees, 12,511 bytes allocated
==24457== 
==24457== LEAK SUMMARY:
==24457==    definitely lost: 0 bytes in 0 blocks
==24457==    indirectly lost: 0 bytes in 0 blocks
==24457==      possibly lost: 0 bytes in 0 blocks
==24457==    still reachable: 5,539 bytes in 205 blocks
==24457==         suppressed: 0 bytes in 0 blocks
==24457== Rerun with --leak-check=full to see details of leaked memory
==24457== 
==24457== For counts of detected and suppressed errors, rerun with: -v
==24457== ERROR SUMMARY: 0 errors from 0 contexts (suppressed: 2 from 2)
==24463== 
==24463== HEAP SUMMARY:
==24463==     in use at exit: 5,994 bytes in 225 blocks
==24463==   total heap usage: 326 allocs, 101 frees, 14,835 bytes allocated
==24463== 
==24463== LEAK SUMMARY:
==24463==    definitely lost: 40 bytes in 2 blocks
==24463==    indirectly lost: 344 bytes in 15 blocks
==24463==      possibly lost: 0 bytes in 0 blocks
==24463==    still reachable: 5,610 bytes in 208 blocks
==24463==         suppressed: 0 bytes in 0 blocks
==24463== Rerun with --leak-check=full to see details of leaked memory
==24463== 
==24463== For counts of detected and suppressed errors, rerun with: -v
==24463== ERROR SUMMARY: 0 errors from 0 contexts (suppressed: 2 from 2)
==24464== 
==24464== HEAP SUMMARY:
==24464==     in use at exit: 6,081 bytes in 228 blocks
==24464==   total heap usage: 360 allocs, 132 frees, 16,914 bytes allocated
==24464== 
==24464== LEAK SUMMARY:
==24464==    definitely lost: 40 bytes in 2 blocks
==24464==    indirectly lost: 328 bytes in 15 blocks
==24464==      possibly lost: 0 bytes in 0 blocks
==24464==    still reachable: 5,713 bytes in 211 blocks
==24464==         suppressed: 0 bytes in 0 blocks
==24464== Rerun with --leak-check=full to see details of leaked memory
==24464== 
==24464== For counts of detected and suppressed errors, rerun with: -v
==24464== ERROR SUMMARY: 0 errors from 0 contexts (suppressed: 2 from 2)
==24465== 
==24465== HEAP SUMMARY:
==24465==     in use at exit: 6,168 bytes in 231 blocks
==24465==   total heap usage: 396 allocs, 165 frees, 19,973 bytes allocated
==24465== 
==24465== LEAK SUMMARY:
==24465==    definitely lost: 40 bytes in 2 blocks
==24465==    indirectly lost: 344 bytes in 15 blocks
==24465==      possibly lost: 0 bytes in 0 blocks
==24465==    still reachable: 5,784 bytes in 214 blocks
==24465==         suppressed: 0 bytes in 0 blocks
==24465== Rerun with --leak-check=full to see details of leaked memory
==24465== 
==24465== For counts of detected and suppressed errors, rerun with: -v
==24465== ERROR SUMMARY: 0 errors from 0 contexts (suppressed: 2 from 2)
==24466== 
==24466== HEAP SUMMARY:
==24466==     in use at exit: 6,207 bytes in 228 blocks
==24466==   total heap usage: 422 allocs, 194 frees, 22,898 bytes allocated
==24466== 
==24466== LEAK SUMMARY:
==24466==    definitely lost: 40 bytes in 2 blocks
==24466==    indirectly lost: 312 bytes in 9 blocks
==24466==      possibly lost: 0 bytes in 0 blocks
==24466==    still reachable: 5,855 bytes in 217 blocks
==24466==         suppressed: 0 bytes in 0 blocks
==24466== Rerun with --leak-check=full to see details of leaked memory
==24466== 
==24466== For counts of detected and suppressed errors, rerun with: -v
==24466== ERROR SUMMARY: 0 errors from 0 contexts (suppressed: 2 from 2)
==24467== 
==24467== HEAP SUMMARY:
==24467==     in use at exit: 6,206 bytes in 236 blocks
==24467==   total heap usage: 457 allocs, 221 frees, 24,795 bytes allocated
==24467== 
==24467== LEAK SUMMARY:
==24467==    definitely lost: 72 bytes in 4 blocks
==24467==    indirectly lost: 208 bytes in 12 blocks
==24467==      possibly lost: 0 bytes in 0 blocks
==24467==    still reachable: 5,926 bytes in 220 blocks
==24467==         suppressed: 0 bytes in 0 blocks
==24467== Rerun with --leak-check=full to see details of leaked memory
==24467== 
==24467== For counts of detected and suppressed errors, rerun with: -v
==24467== ERROR SUMMARY: 0 errors from 0 contexts (suppressed: 2 from 2)
==24468== 
==24468== HEAP SUMMARY:
==24468==     in use at exit: 6,341 bytes in 239 blocks
==24468==   total heap usage: 489 allocs, 250 frees, 26,900 bytes allocated
==24468== 
==24468== LEAK SUMMARY:
==24468==    definitely lost: 56 bytes in 4 blocks
==24468==    indirectly lost: 224 bytes in 12 blocks
==24468==      possibly lost: 0 bytes in 0 blocks
==24468==    still reachable: 6,061 bytes in 223 blocks
==24468==         suppressed: 0 bytes in 0 blocks
==24468== Rerun with --leak-check=full to see details of leaked memory
==24468== 
==24468== For counts of detected and suppressed errors, rerun with: -v
==24468== ERROR SUMMARY: 0 errors from 0 contexts (suppressed: 2 from 2)
==24469== 
==24469== HEAP SUMMARY:
==24469==     in use at exit: 6,388 bytes in 241 blocks
==24469==   total heap usage: 528 allocs, 287 frees, 30,068 bytes allocated
==24469== 
==24469== LEAK SUMMARY:
==24469==    definitely lost: 88 bytes in 6 blocks
==24469==    indirectly lost: 168 bytes in 9 blocks
==24469==      possibly lost: 0 bytes in 0 blocks
==24469==    still reachable: 6,132 bytes in 226 blocks
==24469==         suppressed: 0 bytes in 0 blocks
==24469== Rerun with --leak-check=full to see details of leaked memory
==24469== 
==24469== For counts of detected and suppressed errors, rerun with: -v
==24469== ERROR SUMMARY: 0 errors from 0 contexts (suppressed: 2 from 2)
==24470== Invalid write of size 8
==24470==    at 0x404277: insert_to_skip_list (skiplist.c:73)
==24470==    by 0x4045EC: reconstruct (skiplist.c:123)
==24470==    by 0x403C56: test_reconstruct_skip_list (test_skiplist.c:312)
==24470==    by 0x407670: srunner_run_all (in /home/xzgao/NetBeansProjects/s2013-cee/week3-week3_4_11_skip_list/test/test)
==24470==    by 0x40178A: tmc_run_tests (tmc-check.c:99)
==24470==    by 0x403EFB: main (test_skiplist.c:349)
==24470==  Address 0x5202fa8 is 0 bytes after a block of size 8 alloc'd
==24470==    at 0x4C2B6CD: malloc (in /usr/lib/valgrind/vgpreload_memcheck-amd64-linux.so)
==24470==    by 0x403F85: create_node (skiplist.c:12)
==24470==    by 0x404242: insert_to_skip_list (skiplist.c:71)
==24470==    by 0x4045EC: reconstruct (skiplist.c:123)
==24470==    by 0x403C56: test_reconstruct_skip_list (test_skiplist.c:312)
==24470==    by 0x407670: srunner_run_all (in /home/xzgao/NetBeansProjects/s2013-cee/week3-week3_4_11_skip_list/test/test)
==24470==    by 0x40178A: tmc_run_tests (tmc-check.c:99)
==24470==    by 0x403EFB: main (test_skiplist.c:349)
==24470== 
==24470== Invalid read of size 8
==24470==    at 0x4042AF: insert_to_skip_list (skiplist.c:74)
==24470==    by 0x4045EC: reconstruct (skiplist.c:123)
==24470==    by 0x403C56: test_reconstruct_skip_list (test_skiplist.c:312)
==24470==    by 0x407670: srunner_run_all (in /home/xzgao/NetBeansProjects/s2013-cee/week3-week3_4_11_skip_list/test/test)
==24470==    by 0x40178A: tmc_run_tests (tmc-check.c:99)
==24470==    by 0x403EFB: main (test_skiplist.c:349)
==24470==  Address 0x5202ee8 is 0 bytes after a block of size 8 alloc'd
==24470==    at 0x4C2B6CD: malloc (in /usr/lib/valgrind/vgpreload_memcheck-amd64-linux.so)
==24470==    by 0x403FA1: create_node (skiplist.c:13)
==24470==    by 0x403FE8: create_skip_list (skiplist.c:19)
==24470==    by 0x4045CB: reconstruct (skiplist.c:121)
==24470==    by 0x403C56: test_reconstruct_skip_list (test_skiplist.c:312)
==24470==    by 0x407670: srunner_run_all (in /home/xzgao/NetBeansProjects/s2013-cee/week3-week3_4_11_skip_list/test/test)
==24470==    by 0x40178A: tmc_run_tests (tmc-check.c:99)
==24470==    by 0x403EFB: main (test_skiplist.c:349)
==24470== 
==24470== Invalid write of size 8
==24470==    at 0x4042B2: insert_to_skip_list (skiplist.c:74)
==24470==    by 0x4045EC: reconstruct (skiplist.c:123)
==24470==    by 0x403C56: test_reconstruct_skip_list (test_skiplist.c:312)
==24470==    by 0x407670: srunner_run_all (in /home/xzgao/NetBeansProjects/s2013-cee/week3-week3_4_11_skip_list/test/test)
==24470==    by 0x40178A: tmc_run_tests (tmc-check.c:99)
==24470==    by 0x403EFB: main (test_skiplist.c:349)
==24470==  Address 0x5202ff8 is 0 bytes after a block of size 8 alloc'd
==24470==    at 0x4C2B6CD: malloc (in /usr/lib/valgrind/vgpreload_memcheck-amd64-linux.so)
==24470==    by 0x403FA1: create_node (skiplist.c:13)
==24470==    by 0x404242: insert_to_skip_list (skiplist.c:71)
==24470==    by 0x4045EC: reconstruct (skiplist.c:123)
==24470==    by 0x403C56: test_reconstruct_skip_list (test_skiplist.c:312)
==24470==    by 0x407670: srunner_run_all (in /home/xzgao/NetBeansProjects/s2013-cee/week3-week3_4_11_skip_list/test/test)
==24470==    by 0x40178A: tmc_run_tests (tmc-check.c:99)
==24470==    by 0x403EFB: main (test_skiplist.c:349)
==24470== 
==24470== Invalid read of size 8
==24470==    at 0x4042D4: insert_to_skip_list (skiplist.c:75)
==24470==    by 0x4045EC: reconstruct (skiplist.c:123)
==24470==    by 0x403C56: test_reconstruct_skip_list (test_skiplist.c:312)
==24470==    by 0x407670: srunner_run_all (in /home/xzgao/NetBeansProjects/s2013-cee/week3-week3_4_11_skip_list/test/test)
==24470==    by 0x40178A: tmc_run_tests (tmc-check.c:99)
==24470==    by 0x403EFB: main (test_skiplist.c:349)
==24470==  Address 0x5202ee8 is 0 bytes after a block of size 8 alloc'd
==24470==    at 0x4C2B6CD: malloc (in /usr/lib/valgrind/vgpreload_memcheck-amd64-linux.so)
==24470==    by 0x403FA1: create_node (skiplist.c:13)
==24470==    by 0x403FE8: create_skip_list (skiplist.c:19)
==24470==    by 0x4045CB: reconstruct (skiplist.c:121)
==24470==    by 0x403C56: test_reconstruct_skip_list (test_skiplist.c:312)
==24470==    by 0x407670: srunner_run_all (in /home/xzgao/NetBeansProjects/s2013-cee/week3-week3_4_11_skip_list/test/test)
==24470==    by 0x40178A: tmc_run_tests (tmc-check.c:99)
==24470==    by 0x403EFB: main (test_skiplist.c:349)
==24470== 
==24470== Invalid write of size 8
==24470==    at 0x404339: insert_to_skip_list (skiplist.c:77)
==24470==    by 0x4045EC: reconstruct (skiplist.c:123)
==24470==    by 0x403C56: test_reconstruct_skip_list (test_skiplist.c:312)
==24470==    by 0x407670: srunner_run_all (in /home/xzgao/NetBeansProjects/s2013-cee/week3-week3_4_11_skip_list/test/test)
==24470==    by 0x40178A: tmc_run_tests (tmc-check.c:99)
==24470==    by 0x403EFB: main (test_skiplist.c:349)
==24470==  Address 0x5202ee8 is 0 bytes after a block of size 8 alloc'd
==24470==    at 0x4C2B6CD: malloc (in /usr/lib/valgrind/vgpreload_memcheck-amd64-linux.so)
==24470==    by 0x403FA1: create_node (skiplist.c:13)
==24470==    by 0x403FE8: create_skip_list (skiplist.c:19)
==24470==    by 0x4045CB: reconstruct (skiplist.c:121)
==24470==    by 0x403C56: test_reconstruct_skip_list (test_skiplist.c:312)
==24470==    by 0x407670: srunner_run_all (in /home/xzgao/NetBeansProjects/s2013-cee/week3-week3_4_11_skip_list/test/test)
==24470==    by 0x40178A: tmc_run_tests (tmc-check.c:99)
==24470==    by 0x403EFB: main (test_skiplist.c:349)
==24470== 
==24470== Use of uninitialised value of size 8
==24470==    at 0x40429E: insert_to_skip_list (skiplist.c:74)
==24470==    by 0x4045EC: reconstruct (skiplist.c:123)
==24470==    by 0x403C56: test_reconstruct_skip_list (test_skiplist.c:312)
==24470==    by 0x407670: srunner_run_all (in /home/xzgao/NetBeansProjects/s2013-cee/week3-week3_4_11_skip_list/test/test)
==24470==    by 0x40178A: tmc_run_tests (tmc-check.c:99)
==24470==    by 0x403EFB: main (test_skiplist.c:349)
==24470== 
==24470== Use of uninitialised value of size 8
==24470==    at 0x4042C3: insert_to_skip_list (skiplist.c:75)
==24470==    by 0x4045EC: reconstruct (skiplist.c:123)
==24470==    by 0x403C56: test_reconstruct_skip_list (test_skiplist.c:312)
==24470==    by 0x407670: srunner_run_all (in /home/xzgao/NetBeansProjects/s2013-cee/week3-week3_4_11_skip_list/test/test)
==24470==    by 0x40178A: tmc_run_tests (tmc-check.c:99)
==24470==    by 0x403EFB: main (test_skiplist.c:349)
==24470== 
==24470== Use of uninitialised value of size 8
==24470==    at 0x4042EA: insert_to_skip_list (skiplist.c:76)
==24470==    by 0x4045EC: reconstruct (skiplist.c:123)
==24470==    by 0x403C56: test_reconstruct_skip_list (test_skiplist.c:312)
==24470==    by 0x407670: srunner_run_all (in /home/xzgao/NetBeansProjects/s2013-cee/week3-week3_4_11_skip_list/test/test)
==24470==    by 0x40178A: tmc_run_tests (tmc-check.c:99)
==24470==    by 0x403EFB: main (test_skiplist.c:349)
==24470== 
==24470== Invalid read of size 8
==24470==    at 0x4042FB: insert_to_skip_list (skiplist.c:76)
==24470==    by 0x4045EC: reconstruct (skiplist.c:123)
==24470==    by 0x403C56: test_reconstruct_skip_list (test_skiplist.c:312)
==24470==    by 0x407670: srunner_run_all (in /home/xzgao/NetBeansProjects/s2013-cee/week3-week3_4_11_skip_list/test/test)
==24470==    by 0x40178A: tmc_run_tests (tmc-check.c:99)
==24470==    by 0x403EFB: main (test_skiplist.c:349)
==24470==  Address 0x5202ee8 is 0 bytes after a block of size 8 alloc'd
==24470==    at 0x4C2B6CD: malloc (in /usr/lib/valgrind/vgpreload_memcheck-amd64-linux.so)
==24470==    by 0x403FA1: create_node (skiplist.c:13)
==24470==    by 0x403FE8: create_skip_list (skiplist.c:19)
==24470==    by 0x4045CB: reconstruct (skiplist.c:121)
==24470==    by 0x403C56: test_reconstruct_skip_list (test_skiplist.c:312)
==24470==    by 0x407670: srunner_run_all (in /home/xzgao/NetBeansProjects/s2013-cee/week3-week3_4_11_skip_list/test/test)
==24470==    by 0x40178A: tmc_run_tests (tmc-check.c:99)
==24470==    by 0x403EFB: main (test_skiplist.c:349)
==24470== 
==24470== Invalid write of size 8
==24470==    at 0x404313: insert_to_skip_list (skiplist.c:76)
==24470==    by 0x4045EC: reconstruct (skiplist.c:123)
==24470==    by 0x403C56: test_reconstruct_skip_list (test_skiplist.c:312)
==24470==    by 0x407670: srunner_run_all (in /home/xzgao/NetBeansProjects/s2013-cee/week3-week3_4_11_skip_list/test/test)
==24470==    by 0x40178A: tmc_run_tests (tmc-check.c:99)
==24470==    by 0x403EFB: main (test_skiplist.c:349)
==24470==  Address 0x5202fa8 is 0 bytes after a block of size 8 alloc'd
==24470==    at 0x4C2B6CD: malloc (in /usr/lib/valgrind/vgpreload_memcheck-amd64-linux.so)
==24470==    by 0x403F85: create_node (skiplist.c:12)
==24470==    by 0x404242: insert_to_skip_list (skiplist.c:71)
==24470==    by 0x4045EC: reconstruct (skiplist.c:123)
==24470==    by 0x403C56: test_reconstruct_skip_list (test_skiplist.c:312)
==24470==    by 0x407670: srunner_run_all (in /home/xzgao/NetBeansProjects/s2013-cee/week3-week3_4_11_skip_list/test/test)
==24470==    by 0x40178A: tmc_run_tests (tmc-check.c:99)
==24470==    by 0x403EFB: main (test_skiplist.c:349)
==24470== 
==24470== Use of uninitialised value of size 8
==24470==    at 0x404324: insert_to_skip_list (skiplist.c:77)
==24470==    by 0x4045EC: reconstruct (skiplist.c:123)
==24470==    by 0x403C56: test_reconstruct_skip_list (test_skiplist.c:312)
==24470==    by 0x407670: srunner_run_all (in /home/xzgao/NetBeansProjects/s2013-cee/week3-week3_4_11_skip_list/test/test)
==24470==    by 0x40178A: tmc_run_tests (tmc-check.c:99)
==24470==    by 0x403EFB: main (test_skiplist.c:349)
==24470== 
==24470== 
==24470== HEAP SUMMARY:
==24470==     in use at exit: 7,507 bytes in 287 blocks
==24470==   total heap usage: 602 allocs, 315 frees, 33,942 bytes allocated
==24470== 
==24470== LEAK SUMMARY:
==24470==    definitely lost: 72 bytes in 4 blocks
==24470==    indirectly lost: 1,232 bytes in 54 blocks
==24470==      possibly lost: 0 bytes in 0 blocks
==24470==    still reachable: 6,203 bytes in 229 blocks
==24470==         suppressed: 0 bytes in 0 blocks
==24470== Rerun with --leak-check=full to see details of leaked memory
==24470== 
==24470== For counts of detected and suppressed errors, rerun with: -v
==24470== Use --track-origins=yes to see where uninitialised values come from
==24470== ERROR SUMMARY: 54 errors from 11 contexts (suppressed: 2 from 2)
==24471== 
==24471== HEAP SUMMARY:
==24471==     in use at exit: 158,586 bytes in 3,241 blocks
==24471==   total heap usage: 3,575 allocs, 334 frees, 186,309 bytes allocated
==24471== 
==24471== LEAK SUMMARY:
==24471==    definitely lost: 56 bytes in 3 blocks
==24471==    indirectly lost: 152,256 bytes in 3,006 blocks
==24471==      possibly lost: 0 bytes in 0 blocks
==24471==    still reachable: 6,274 bytes in 232 blocks
==24471==         suppressed: 0 bytes in 0 blocks
==24471== Rerun with --leak-check=full to see details of leaked memory
==24471== 
==24471== For counts of detected and suppressed errors, rerun with: -v
==24471== ERROR SUMMARY: 0 errors from 0 contexts (suppressed: 2 from 2)
==24449== 
==24449== HEAP SUMMARY:
==24449==     in use at exit: 554 bytes in 25 blocks
==24449==   total heap usage: 604 allocs, 579 frees, 37,807 bytes allocated
==24449== 
==24449== LEAK SUMMARY:
==24449==    definitely lost: 0 bytes in 0 blocks
==24449==    indirectly lost: 0 bytes in 0 blocks
==24449==      possibly lost: 0 bytes in 0 blocks
==24449==    still reachable: 554 bytes in 25 blocks
==24449==         suppressed: 0 bytes in 0 blocks
==24449== Rerun with --leak-check=full to see details of leaked memory
==24449== 
==24449== For counts of detected and suppressed errors, rerun with: -v
==24449== ERROR SUMMARY: 0 errors from 0 contexts (suppressed: 2 from 2)
