==21519== Memcheck, a memory error detector
==21519== Copyright (C) 2002-2011, and GNU GPL'd, by Julian Seward et al.
==21519== Using Valgrind-3.7.0 and LibVEX; rerun with -h for copyright info
==21519== Command: ./test/test
==21519== Parent PID: 18972
==21519== 
==21524== 
==21524== HEAP SUMMARY:
==21524==     in use at exit: 3,543 bytes in 91 blocks
==21524==   total heap usage: 108 allocs, 17 frees, 6,131 bytes allocated
==21524== 
==21524== LEAK SUMMARY:
==21524==    definitely lost: 0 bytes in 0 blocks
==21524==    indirectly lost: 0 bytes in 0 blocks
==21524==      possibly lost: 0 bytes in 0 blocks
==21524==    still reachable: 3,543 bytes in 91 blocks
==21524==         suppressed: 0 bytes in 0 blocks
==21524== Rerun with --leak-check=full to see details of leaked memory
==21524== 
==21524== For counts of detected and suppressed errors, rerun with: -v
==21524== ERROR SUMMARY: 0 errors from 0 contexts (suppressed: 2 from 2)
==21525== 
==21525== HEAP SUMMARY:
==21525==     in use at exit: 3,618 bytes in 94 blocks
==21525==   total heap usage: 132 allocs, 38 frees, 7,400 bytes allocated
==21525== 
==21525== LEAK SUMMARY:
==21525==    definitely lost: 0 bytes in 0 blocks
==21525==    indirectly lost: 0 bytes in 0 blocks
==21525==      possibly lost: 0 bytes in 0 blocks
==21525==    still reachable: 3,618 bytes in 94 blocks
==21525==         suppressed: 0 bytes in 0 blocks
==21525== Rerun with --leak-check=full to see details of leaked memory
==21525== 
==21525== For counts of detected and suppressed errors, rerun with: -v
==21525== ERROR SUMMARY: 0 errors from 0 contexts (suppressed: 2 from 2)
==21526== 
==21526== HEAP SUMMARY:
==21526==     in use at exit: 3,701 bytes in 97 blocks
==21526==   total heap usage: 143 allocs, 46 frees, 8,674 bytes allocated
==21526== 
==21526== LEAK SUMMARY:
==21526==    definitely lost: 0 bytes in 0 blocks
==21526==    indirectly lost: 0 bytes in 0 blocks
==21526==      possibly lost: 0 bytes in 0 blocks
==21526==    still reachable: 3,701 bytes in 97 blocks
==21526==         suppressed: 0 bytes in 0 blocks
==21526== Rerun with --leak-check=full to see details of leaked memory
==21526== 
==21526== For counts of detected and suppressed errors, rerun with: -v
==21526== ERROR SUMMARY: 0 errors from 0 contexts (suppressed: 2 from 2)
==21527== 
==21527== HEAP SUMMARY:
==21527==     in use at exit: 3,792 bytes in 100 blocks
==21527==   total heap usage: 161 allocs, 61 frees, 9,968 bytes allocated
==21527== 
==21527== LEAK SUMMARY:
==21527==    definitely lost: 0 bytes in 0 blocks
==21527==    indirectly lost: 0 bytes in 0 blocks
==21527==      possibly lost: 0 bytes in 0 blocks
==21527==    still reachable: 3,792 bytes in 100 blocks
==21527==         suppressed: 0 bytes in 0 blocks
==21527== Rerun with --leak-check=full to see details of leaked memory
==21527== 
==21527== For counts of detected and suppressed errors, rerun with: -v
==21527== ERROR SUMMARY: 0 errors from 0 contexts (suppressed: 2 from 2)
==21528== 
==21528== HEAP SUMMARY:
==21528==     in use at exit: 3,299 bytes in 102 blocks
==21528==   total heap usage: 840 allocs, 738 frees, 12,609 bytes allocated
==21528== 
==21528== LEAK SUMMARY:
==21528==    definitely lost: 0 bytes in 0 blocks
==21528==    indirectly lost: 0 bytes in 0 blocks
==21528==      possibly lost: 0 bytes in 0 blocks
==21528==    still reachable: 3,299 bytes in 102 blocks
==21528==         suppressed: 0 bytes in 0 blocks
==21528== Rerun with --leak-check=full to see details of leaked memory
==21528== 
==21528== For counts of detected and suppressed errors, rerun with: -v
==21528== ERROR SUMMARY: 0 errors from 0 contexts (suppressed: 2 from 2)
==21519== 
==21519== HEAP SUMMARY:
==21519==     in use at exit: 275 bytes in 15 blocks
==21519==   total heap usage: 207 allocs, 192 frees, 13,218 bytes allocated
==21519== 
==21519== LEAK SUMMARY:
==21519==    definitely lost: 0 bytes in 0 blocks
==21519==    indirectly lost: 0 bytes in 0 blocks
==21519==      possibly lost: 0 bytes in 0 blocks
==21519==    still reachable: 275 bytes in 15 blocks
==21519==         suppressed: 0 bytes in 0 blocks
==21519== Rerun with --leak-check=full to see details of leaked memory
==21519== 
==21519== For counts of detected and suppressed errors, rerun with: -v
==21519== ERROR SUMMARY: 0 errors from 0 contexts (suppressed: 2 from 2)
