==19229== Memcheck, a memory error detector
==19229== Copyright (C) 2002-2011, and GNU GPL'd, by Julian Seward et al.
==19229== Using Valgrind-3.7.0 and LibVEX; rerun with -h for copyright info
==19229== Command: ./test/test
==19229== Parent PID: 18972
==19229== 
==19236== 
==19236== HEAP SUMMARY:
==19236==     in use at exit: 3,233 bytes in 101 blocks
==19236==   total heap usage: 118 allocs, 17 frees, 5,857 bytes allocated
==19236== 
==19236== LEAK SUMMARY:
==19236==    definitely lost: 0 bytes in 0 blocks
==19236==    indirectly lost: 0 bytes in 0 blocks
==19236==      possibly lost: 0 bytes in 0 blocks
==19236==    still reachable: 3,233 bytes in 101 blocks
==19236==         suppressed: 0 bytes in 0 blocks
==19236== Rerun with --leak-check=full to see details of leaked memory
==19236== 
==19236== For counts of detected and suppressed errors, rerun with: -v
==19236== ERROR SUMMARY: 0 errors from 0 contexts (suppressed: 2 from 2)
==19237== 
==19237== HEAP SUMMARY:
==19237==     in use at exit: 3,310 bytes in 104 blocks
==19237==   total heap usage: 137 allocs, 33 frees, 7,171 bytes allocated
==19237== 
==19237== LEAK SUMMARY:
==19237==    definitely lost: 0 bytes in 0 blocks
==19237==    indirectly lost: 0 bytes in 0 blocks
==19237==      possibly lost: 0 bytes in 0 blocks
==19237==    still reachable: 3,310 bytes in 104 blocks
==19237==         suppressed: 0 bytes in 0 blocks
==19237== Rerun with --leak-check=full to see details of leaked memory
==19237== 
==19237== For counts of detected and suppressed errors, rerun with: -v
==19237== ERROR SUMMARY: 0 errors from 0 contexts (suppressed: 2 from 2)
==19238== 
==19238== HEAP SUMMARY:
==19238==     in use at exit: 3,395 bytes in 107 blocks
==19238==   total heap usage: 158 allocs, 51 frees, 8,534 bytes allocated
==19238== 
==19238== LEAK SUMMARY:
==19238==    definitely lost: 0 bytes in 0 blocks
==19238==    indirectly lost: 0 bytes in 0 blocks
==19238==      possibly lost: 0 bytes in 0 blocks
==19238==    still reachable: 3,395 bytes in 107 blocks
==19238==         suppressed: 0 bytes in 0 blocks
==19238== Rerun with --leak-check=full to see details of leaked memory
==19238== 
==19238== For counts of detected and suppressed errors, rerun with: -v
==19238== ERROR SUMMARY: 0 errors from 0 contexts (suppressed: 2 from 2)
==19239== 
==19239== HEAP SUMMARY:
==19239==     in use at exit: 3,488 bytes in 110 blocks
==19239==   total heap usage: 181 allocs, 71 frees, 10,436 bytes allocated
==19239== 
==19239== LEAK SUMMARY:
==19239==    definitely lost: 0 bytes in 0 blocks
==19239==    indirectly lost: 0 bytes in 0 blocks
==19239==      possibly lost: 0 bytes in 0 blocks
==19239==    still reachable: 3,488 bytes in 110 blocks
==19239==         suppressed: 0 bytes in 0 blocks
==19239== Rerun with --leak-check=full to see details of leaked memory
==19239== 
==19239== For counts of detected and suppressed errors, rerun with: -v
==19239== ERROR SUMMARY: 0 errors from 0 contexts (suppressed: 2 from 2)
==19240== 
==19240== HEAP SUMMARY:
==19240==     in use at exit: 4,133 bytes in 114 blocks
==19240==   total heap usage: 206 allocs, 92 frees, 12,940 bytes allocated
==19240== 
==19240== LEAK SUMMARY:
==19240==    definitely lost: 0 bytes in 0 blocks
==19240==    indirectly lost: 0 bytes in 0 blocks
==19240==      possibly lost: 0 bytes in 0 blocks
==19240==    still reachable: 4,133 bytes in 114 blocks
==19240==         suppressed: 0 bytes in 0 blocks
==19240== Rerun with --leak-check=full to see details of leaked memory
==19240== 
==19240== For counts of detected and suppressed errors, rerun with: -v
==19240== ERROR SUMMARY: 0 errors from 0 contexts (suppressed: 2 from 2)
==19241== 
==19241== HEAP SUMMARY:
==19241==     in use at exit: 4,242 bytes in 117 blocks
==19241==   total heap usage: 233 allocs, 116 frees, 14,962 bytes allocated
==19241== 
==19241== LEAK SUMMARY:
==19241==    definitely lost: 0 bytes in 0 blocks
==19241==    indirectly lost: 0 bytes in 0 blocks
==19241==      possibly lost: 0 bytes in 0 blocks
==19241==    still reachable: 4,242 bytes in 117 blocks
==19241==         suppressed: 0 bytes in 0 blocks
==19241== Rerun with --leak-check=full to see details of leaked memory
==19241== 
==19241== For counts of detected and suppressed errors, rerun with: -v
==19241== ERROR SUMMARY: 0 errors from 0 contexts (suppressed: 2 from 2)
==19229== 
==19229== HEAP SUMMARY:
==19229==     in use at exit: 285 bytes in 14 blocks
==19229==   total heap usage: 258 allocs, 244 frees, 16,941 bytes allocated
==19229== 
==19229== LEAK SUMMARY:
==19229==    definitely lost: 0 bytes in 0 blocks
==19229==    indirectly lost: 0 bytes in 0 blocks
==19229==      possibly lost: 0 bytes in 0 blocks
==19229==    still reachable: 285 bytes in 14 blocks
==19229==         suppressed: 0 bytes in 0 blocks
==19229== Rerun with --leak-check=full to see details of leaked memory
==19229== 
==19229== For counts of detected and suppressed errors, rerun with: -v
==19229== ERROR SUMMARY: 0 errors from 0 contexts (suppressed: 2 from 2)
