==19262== Memcheck, a memory error detector
==19262== Copyright (C) 2002-2011, and GNU GPL'd, by Julian Seward et al.
==19262== Using Valgrind-3.7.0 and LibVEX; rerun with -h for copyright info
==19262== Command: ./test/test
==19262== Parent PID: 18972
==19262== 
==19267== 
==19267== HEAP SUMMARY:
==19267==     in use at exit: 7,710 bytes in 303 blocks
==19267==   total heap usage: 322 allocs, 19 frees, 10,529 bytes allocated
==19267== 
==19267== LEAK SUMMARY:
==19267==    definitely lost: 16 bytes in 1 blocks
==19267==    indirectly lost: 0 bytes in 0 blocks
==19267==      possibly lost: 0 bytes in 0 blocks
==19267==    still reachable: 7,694 bytes in 302 blocks
==19267==         suppressed: 0 bytes in 0 blocks
==19267== Rerun with --leak-check=full to see details of leaked memory
==19267== 
==19267== For counts of detected and suppressed errors, rerun with: -v
==19267== ERROR SUMMARY: 0 errors from 0 contexts (suppressed: 2 from 2)
==19268== 
==19268== HEAP SUMMARY:
==19268==     in use at exit: 7,804 bytes in 307 blocks
==19268==   total heap usage: 344 allocs, 37 frees, 11,933 bytes allocated
==19268== 
==19268== LEAK SUMMARY:
==19268==    definitely lost: 16 bytes in 1 blocks
==19268==    indirectly lost: 16 bytes in 1 blocks
==19268==      possibly lost: 0 bytes in 0 blocks
==19268==    still reachable: 7,772 bytes in 305 blocks
==19268==         suppressed: 0 bytes in 0 blocks
==19268== Rerun with --leak-check=full to see details of leaked memory
==19268== 
==19268== For counts of detected and suppressed errors, rerun with: -v
==19268== ERROR SUMMARY: 0 errors from 0 contexts (suppressed: 2 from 2)
==19269== 
==19269== HEAP SUMMARY:
==19269==     in use at exit: 7,906 bytes in 311 blocks
==19269==   total heap usage: 370 allocs, 59 frees, 13,889 bytes allocated
==19269== 
==19269== LEAK SUMMARY:
==19269==    definitely lost: 16 bytes in 1 blocks
==19269==    indirectly lost: 32 bytes in 2 blocks
==19269==      possibly lost: 0 bytes in 0 blocks
==19269==    still reachable: 7,858 bytes in 308 blocks
==19269==         suppressed: 0 bytes in 0 blocks
==19269== Rerun with --leak-check=full to see details of leaked memory
==19269== 
==19269== For counts of detected and suppressed errors, rerun with: -v
==19269== ERROR SUMMARY: 0 errors from 0 contexts (suppressed: 2 from 2)
==19270== 
==19270== HEAP SUMMARY:
==19270==     in use at exit: 8,016 bytes in 315 blocks
==19270==   total heap usage: 396 allocs, 81 frees, 15,861 bytes allocated
==19270== 
==19270== LEAK SUMMARY:
==19270==    definitely lost: 16 bytes in 1 blocks
==19270==    indirectly lost: 48 bytes in 3 blocks
==19270==      possibly lost: 0 bytes in 0 blocks
==19270==    still reachable: 7,952 bytes in 311 blocks
==19270==         suppressed: 0 bytes in 0 blocks
==19270== Rerun with --leak-check=full to see details of leaked memory
==19270== 
==19270== For counts of detected and suppressed errors, rerun with: -v
==19270== ERROR SUMMARY: 0 errors from 0 contexts (suppressed: 2 from 2)
==19271== 
==19271== HEAP SUMMARY:
==19271==     in use at exit: 8,046 bytes in 315 blocks
==19271==   total heap usage: 416 allocs, 101 frees, 17,685 bytes allocated
==19271== 
==19271== LEAK SUMMARY:
==19271==    definitely lost: 16 bytes in 1 blocks
==19271==    indirectly lost: 0 bytes in 0 blocks
==19271==      possibly lost: 0 bytes in 0 blocks
==19271==    still reachable: 8,030 bytes in 314 blocks
==19271==         suppressed: 0 bytes in 0 blocks
==19271== Rerun with --leak-check=full to see details of leaked memory
==19271== 
==19271== For counts of detected and suppressed errors, rerun with: -v
==19271== ERROR SUMMARY: 0 errors from 0 contexts (suppressed: 2 from 2)
==19272== 
==19272== HEAP SUMMARY:
==19272==     in use at exit: 8,172 bytes in 319 blocks
==19272==   total heap usage: 439 allocs, 120 frees, 19,153 bytes allocated
==19272== 
==19272== LEAK SUMMARY:
==19272==    definitely lost: 16 bytes in 1 blocks
==19272==    indirectly lost: 16 bytes in 1 blocks
==19272==      possibly lost: 0 bytes in 0 blocks
==19272==    still reachable: 8,140 bytes in 317 blocks
==19272==         suppressed: 0 bytes in 0 blocks
==19272== Rerun with --leak-check=full to see details of leaked memory
==19272== 
==19272== For counts of detected and suppressed errors, rerun with: -v
==19272== ERROR SUMMARY: 0 errors from 0 contexts (suppressed: 2 from 2)
==19273== 
==19273== HEAP SUMMARY:
==19273==     in use at exit: 8,250 bytes in 322 blocks
==19273==   total heap usage: 463 allocs, 141 frees, 21,077 bytes allocated
==19273== 
==19273== LEAK SUMMARY:
==19273==    definitely lost: 16 bytes in 1 blocks
==19273==    indirectly lost: 16 bytes in 1 blocks
==19273==      possibly lost: 0 bytes in 0 blocks
==19273==    still reachable: 8,218 bytes in 320 blocks
==19273==         suppressed: 0 bytes in 0 blocks
==19273== Rerun with --leak-check=full to see details of leaked memory
==19273== 
==19273== For counts of detected and suppressed errors, rerun with: -v
==19273== ERROR SUMMARY: 0 errors from 0 contexts (suppressed: 2 from 2)
==19274== 
==19274== HEAP SUMMARY:
==19274==     in use at exit: 8,336 bytes in 325 blocks
==19274==   total heap usage: 483 allocs, 158 frees, 22,891 bytes allocated
==19274== 
==19274== LEAK SUMMARY:
==19274==    definitely lost: 16 bytes in 1 blocks
==19274==    indirectly lost: 24 bytes in 1 blocks
==19274==      possibly lost: 0 bytes in 0 blocks
==19274==    still reachable: 8,296 bytes in 323 blocks
==19274==         suppressed: 0 bytes in 0 blocks
==19274== Rerun with --leak-check=full to see details of leaked memory
==19274== 
==19274== For counts of detected and suppressed errors, rerun with: -v
==19274== ERROR SUMMARY: 0 errors from 0 contexts (suppressed: 2 from 2)
==19275== 
==19275== HEAP SUMMARY:
==19275==     in use at exit: 8,438 bytes in 329 blocks
==19275==   total heap usage: 502 allocs, 173 frees, 24,223 bytes allocated
==19275== 
==19275== LEAK SUMMARY:
==19275==    definitely lost: 16 bytes in 1 blocks
==19275==    indirectly lost: 48 bytes in 2 blocks
==19275==      possibly lost: 0 bytes in 0 blocks
==19275==    still reachable: 8,374 bytes in 326 blocks
==19275==         suppressed: 0 bytes in 0 blocks
==19275== Rerun with --leak-check=full to see details of leaked memory
==19275== 
==19275== For counts of detected and suppressed errors, rerun with: -v
==19275== ERROR SUMMARY: 0 errors from 0 contexts (suppressed: 2 from 2)
==19276== 
==19276== HEAP SUMMARY:
==19276==     in use at exit: 8,604 bytes in 333 blocks
==19276==   total heap usage: 524 allocs, 191 frees, 25,729 bytes allocated
==19276== 
==19276== LEAK SUMMARY:
==19276==    definitely lost: 16 bytes in 1 blocks
==19276==    indirectly lost: 72 bytes in 3 blocks
==19276==      possibly lost: 0 bytes in 0 blocks
==19276==    still reachable: 8,516 bytes in 329 blocks
==19276==         suppressed: 0 bytes in 0 blocks
==19276== Rerun with --leak-check=full to see details of leaked memory
==19276== 
==19276== For counts of detected and suppressed errors, rerun with: -v
==19276== ERROR SUMMARY: 0 errors from 0 contexts (suppressed: 2 from 2)
==19277== 
==19277== HEAP SUMMARY:
==19277==     in use at exit: 8,610 bytes in 333 blocks
==19277==   total heap usage: 543 allocs, 210 frees, 27,525 bytes allocated
==19277== 
==19277== LEAK SUMMARY:
==19277==    definitely lost: 16 bytes in 1 blocks
==19277==    indirectly lost: 0 bytes in 0 blocks
==19277==      possibly lost: 0 bytes in 0 blocks
==19277==    still reachable: 8,594 bytes in 332 blocks
==19277==         suppressed: 0 bytes in 0 blocks
==19277== Rerun with --leak-check=full to see details of leaked memory
==19277== 
==19277== For counts of detected and suppressed errors, rerun with: -v
==19277== ERROR SUMMARY: 0 errors from 0 contexts (suppressed: 2 from 2)
==19278== 
==19278== HEAP SUMMARY:
==19278==     in use at exit: 8,752 bytes in 339 blocks
==19278==   total heap usage: 568 allocs, 229 frees, 29,001 bytes allocated
==19278== 
==19278== LEAK SUMMARY:
==19278==    definitely lost: 32 bytes in 2 blocks
==19278==    indirectly lost: 48 bytes in 2 blocks
==19278==      possibly lost: 0 bytes in 0 blocks
==19278==    still reachable: 8,672 bytes in 335 blocks
==19278==         suppressed: 0 bytes in 0 blocks
==19278== Rerun with --leak-check=full to see details of leaked memory
==19278== 
==19278== For counts of detected and suppressed errors, rerun with: -v
==19278== ERROR SUMMARY: 0 errors from 0 contexts (suppressed: 2 from 2)
==19279== 
==19279== HEAP SUMMARY:
==19279==     in use at exit: 8,814 bytes in 341 blocks
==19279==   total heap usage: 586 allocs, 245 frees, 30,759 bytes allocated
==19279== 
==19279== LEAK SUMMARY:
==19279==    definitely lost: 16 bytes in 1 blocks
==19279==    indirectly lost: 48 bytes in 2 blocks
==19279==      possibly lost: 0 bytes in 0 blocks
==19279==    still reachable: 8,750 bytes in 338 blocks
==19279==         suppressed: 0 bytes in 0 blocks
==19279== Rerun with --leak-check=full to see details of leaked memory
==19279== 
==19279== For counts of detected and suppressed errors, rerun with: -v
==19279== ERROR SUMMARY: 0 errors from 0 contexts (suppressed: 2 from 2)
==19284== 
==19284== HEAP SUMMARY:
==19284==     in use at exit: 8,924 bytes in 345 blocks
==19284==   total heap usage: 607 allocs, 262 frees, 32,167 bytes allocated
==19284== 
==19284== LEAK SUMMARY:
==19284==    definitely lost: 32 bytes in 2 blocks
==19284==    indirectly lost: 64 bytes in 2 blocks
==19284==      possibly lost: 0 bytes in 0 blocks
==19284==    still reachable: 8,828 bytes in 341 blocks
==19284==         suppressed: 0 bytes in 0 blocks
==19284== Rerun with --leak-check=full to see details of leaked memory
==19284== 
==19284== For counts of detected and suppressed errors, rerun with: -v
==19284== ERROR SUMMARY: 0 errors from 0 contexts (suppressed: 2 from 2)
==19285== 
==19285== HEAP SUMMARY:
==19285==     in use at exit: 9,018 bytes in 348 blocks
==19285==   total heap usage: 630 allocs, 282 frees, 34,073 bytes allocated
==19285== 
==19285== LEAK SUMMARY:
==19285==    definitely lost: 16 bytes in 1 blocks
==19285==    indirectly lost: 96 bytes in 3 blocks
==19285==      possibly lost: 0 bytes in 0 blocks
==19285==    still reachable: 8,906 bytes in 344 blocks
==19285==         suppressed: 0 bytes in 0 blocks
==19285== Rerun with --leak-check=full to see details of leaked memory
==19285== 
==19285== For counts of detected and suppressed errors, rerun with: -v
==19285== ERROR SUMMARY: 0 errors from 0 contexts (suppressed: 2 from 2)
==19286== 
==19286== HEAP SUMMARY:
==19286==     in use at exit: 9,000 bytes in 348 blocks
==19286==   total heap usage: 647 allocs, 299 frees, 35,787 bytes allocated
==19286== 
==19286== LEAK SUMMARY:
==19286==    definitely lost: 16 bytes in 1 blocks
==19286==    indirectly lost: 0 bytes in 0 blocks
==19286==      possibly lost: 0 bytes in 0 blocks
==19286==    still reachable: 8,984 bytes in 347 blocks
==19286==         suppressed: 0 bytes in 0 blocks
==19286== Rerun with --leak-check=full to see details of leaked memory
==19286== 
==19286== For counts of detected and suppressed errors, rerun with: -v
==19286== ERROR SUMMARY: 0 errors from 0 contexts (suppressed: 2 from 2)
==19287== 
==19287== HEAP SUMMARY:
==19287==     in use at exit: 9,110 bytes in 352 blocks
==19287==   total heap usage: 665 allocs, 313 frees, 37,093 bytes allocated
==19287== 
==19287== LEAK SUMMARY:
==19287==    definitely lost: 16 bytes in 1 blocks
==19287==    indirectly lost: 32 bytes in 1 blocks
==19287==      possibly lost: 0 bytes in 0 blocks
==19287==    still reachable: 9,062 bytes in 350 blocks
==19287==         suppressed: 0 bytes in 0 blocks
==19287== Rerun with --leak-check=full to see details of leaked memory
==19287== 
==19287== For counts of detected and suppressed errors, rerun with: -v
==19287== ERROR SUMMARY: 0 errors from 0 contexts (suppressed: 2 from 2)
==19288== 
==19288== HEAP SUMMARY:
==19288==     in use at exit: 9,508 bytes in 362 blocks
==19288==   total heap usage: 692 allocs, 330 frees, 38,883 bytes allocated
==19288== 
==19288== LEAK SUMMARY:
==19288==    definitely lost: 48 bytes in 3 blocks
==19288==    indirectly lost: 192 bytes in 6 blocks
==19288==      possibly lost: 0 bytes in 0 blocks
==19288==    still reachable: 9,268 bytes in 353 blocks
==19288==         suppressed: 0 bytes in 0 blocks
==19288== Rerun with --leak-check=full to see details of leaked memory
==19288== 
==19288== For counts of detected and suppressed errors, rerun with: -v
==19288== ERROR SUMMARY: 0 errors from 0 contexts (suppressed: 2 from 2)
==19289== 
==19289== HEAP SUMMARY:
==19289==     in use at exit: 9,362 bytes in 357 blocks
==19289==   total heap usage: 704 allocs, 347 frees, 40,469 bytes allocated
==19289== 
==19289== LEAK SUMMARY:
==19289==    definitely lost: 16 bytes in 1 blocks
==19289==    indirectly lost: 0 bytes in 0 blocks
==19289==      possibly lost: 0 bytes in 0 blocks
==19289==    still reachable: 9,346 bytes in 356 blocks
==19289==         suppressed: 0 bytes in 0 blocks
==19289== Rerun with --leak-check=full to see details of leaked memory
==19289== 
==19289== For counts of detected and suppressed errors, rerun with: -v
==19289== ERROR SUMMARY: 0 errors from 0 contexts (suppressed: 2 from 2)
==19290== 
==19290== HEAP SUMMARY:
==19290==     in use at exit: 9,472 bytes in 361 blocks
==19290==   total heap usage: 722 allocs, 361 frees, 41,775 bytes allocated
==19290== 
==19290== LEAK SUMMARY:
==19290==    definitely lost: 16 bytes in 1 blocks
==19290==    indirectly lost: 32 bytes in 1 blocks
==19290==      possibly lost: 0 bytes in 0 blocks
==19290==    still reachable: 9,424 bytes in 359 blocks
==19290==         suppressed: 0 bytes in 0 blocks
==19290== Rerun with --leak-check=full to see details of leaked memory
==19290== 
==19290== For counts of detected and suppressed errors, rerun with: -v
==19290== ERROR SUMMARY: 0 errors from 0 contexts (suppressed: 2 from 2)
==19291== 
==19291== HEAP SUMMARY:
==19291==     in use at exit: 9,742 bytes in 371 blocks
==19291==   total heap usage: 748 allocs, 377 frees, 43,309 bytes allocated
==19291== 
==19291== LEAK SUMMARY:
==19291==    definitely lost: 48 bytes in 3 blocks
==19291==    indirectly lost: 192 bytes in 6 blocks
==19291==      possibly lost: 0 bytes in 0 blocks
==19291==    still reachable: 9,502 bytes in 362 blocks
==19291==         suppressed: 0 bytes in 0 blocks
==19291== Rerun with --leak-check=full to see details of leaked memory
==19291== 
==19291== For counts of detected and suppressed errors, rerun with: -v
==19291== ERROR SUMMARY: 0 errors from 0 contexts (suppressed: 2 from 2)
==19262== 
==19262== HEAP SUMMARY:
==19262==     in use at exit: 834 bytes in 35 blocks
==19262==   total heap usage: 793 allocs, 758 frees, 48,811 bytes allocated
==19262== 
==19262== LEAK SUMMARY:
==19262==    definitely lost: 0 bytes in 0 blocks
==19262==    indirectly lost: 0 bytes in 0 blocks
==19262==      possibly lost: 0 bytes in 0 blocks
==19262==    still reachable: 834 bytes in 35 blocks
==19262==         suppressed: 0 bytes in 0 blocks
==19262== Rerun with --leak-check=full to see details of leaked memory
==19262== 
==19262== For counts of detected and suppressed errors, rerun with: -v
==19262== ERROR SUMMARY: 0 errors from 0 contexts (suppressed: 2 from 2)
