==18311== Memcheck, a memory error detector
==18311== Copyright (C) 2002-2011, and GNU GPL'd, by Julian Seward et al.
==18311== Using Valgrind-3.7.0 and LibVEX; rerun with -h for copyright info
==18311== Command: ./test/test
==18311== Parent PID: 13328
==18311== 
==18316== 
==18316== HEAP SUMMARY:
==18316==     in use at exit: 4,393 bytes in 151 blocks
==18316==   total heap usage: 171 allocs, 20 frees, 8,217 bytes allocated
==18316== 
==18316== LEAK SUMMARY:
==18316==    definitely lost: 0 bytes in 0 blocks
==18316==    indirectly lost: 0 bytes in 0 blocks
==18316==      possibly lost: 0 bytes in 0 blocks
==18316==    still reachable: 4,393 bytes in 151 blocks
==18316==         suppressed: 0 bytes in 0 blocks
==18316== Rerun with --leak-check=full to see details of leaked memory
==18316== 
==18316== For counts of detected and suppressed errors, rerun with: -v
==18316== ERROR SUMMARY: 0 errors from 0 contexts (suppressed: 2 from 2)
==18317== 
==18317== HEAP SUMMARY:
==18317==     in use at exit: 4,470 bytes in 154 blocks
==18317==   total heap usage: 191 allocs, 37 frees, 10,099 bytes allocated
==18317== 
==18317== LEAK SUMMARY:
==18317==    definitely lost: 0 bytes in 0 blocks
==18317==    indirectly lost: 0 bytes in 0 blocks
==18317==      possibly lost: 0 bytes in 0 blocks
==18317==    still reachable: 4,470 bytes in 154 blocks
==18317==         suppressed: 0 bytes in 0 blocks
==18317== Rerun with --leak-check=full to see details of leaked memory
==18317== 
==18317== For counts of detected and suppressed errors, rerun with: -v
==18317== ERROR SUMMARY: 0 errors from 0 contexts (suppressed: 2 from 2)
==18318== 
==18318== HEAP SUMMARY:
==18318==     in use at exit: 5,123 bytes in 158 blocks
==18318==   total heap usage: 211 allocs, 53 frees, 11,964 bytes allocated
==18318== 
==18318== LEAK SUMMARY:
==18318==    definitely lost: 0 bytes in 0 blocks
==18318==    indirectly lost: 0 bytes in 0 blocks
==18318==      possibly lost: 0 bytes in 0 blocks
==18318==    still reachable: 5,123 bytes in 158 blocks
==18318==         suppressed: 0 bytes in 0 blocks
==18318== Rerun with --leak-check=full to see details of leaked memory
==18318== 
==18318== For counts of detected and suppressed errors, rerun with: -v
==18318== ERROR SUMMARY: 0 errors from 0 contexts (suppressed: 2 from 2)
==18319== 
==18319== HEAP SUMMARY:
==18319==     in use at exit: 5,216 bytes in 161 blocks
==18319==   total heap usage: 229 allocs, 68 frees, 13,266 bytes allocated
==18319== 
==18319== LEAK SUMMARY:
==18319==    definitely lost: 0 bytes in 0 blocks
==18319==    indirectly lost: 0 bytes in 0 blocks
==18319==      possibly lost: 0 bytes in 0 blocks
==18319==    still reachable: 5,216 bytes in 161 blocks
==18319==         suppressed: 0 bytes in 0 blocks
==18319== Rerun with --leak-check=full to see details of leaked memory
==18319== 
==18319== For counts of detected and suppressed errors, rerun with: -v
==18319== ERROR SUMMARY: 0 errors from 0 contexts (suppressed: 2 from 2)
==18320== 
==18320== HEAP SUMMARY:
==18320==     in use at exit: 5,293 bytes in 164 blocks
==18320==   total heap usage: 246 allocs, 82 frees, 14,536 bytes allocated
==18320== 
==18320== LEAK SUMMARY:
==18320==    definitely lost: 0 bytes in 0 blocks
==18320==    indirectly lost: 0 bytes in 0 blocks
==18320==      possibly lost: 0 bytes in 0 blocks
==18320==    still reachable: 5,293 bytes in 164 blocks
==18320==         suppressed: 0 bytes in 0 blocks
==18320== Rerun with --leak-check=full to see details of leaked memory
==18320== 
==18320== For counts of detected and suppressed errors, rerun with: -v
==18320== ERROR SUMMARY: 0 errors from 0 contexts (suppressed: 2 from 2)
==18321== 
==18321== HEAP SUMMARY:
==18321==     in use at exit: 5,402 bytes in 167 blocks
==18321==   total heap usage: 264 allocs, 97 frees, 15,870 bytes allocated
==18321== 
==18321== LEAK SUMMARY:
==18321==    definitely lost: 0 bytes in 0 blocks
==18321==    indirectly lost: 0 bytes in 0 blocks
==18321==      possibly lost: 0 bytes in 0 blocks
==18321==    still reachable: 5,402 bytes in 167 blocks
==18321==         suppressed: 0 bytes in 0 blocks
==18321== Rerun with --leak-check=full to see details of leaked memory
==18321== 
==18321== For counts of detected and suppressed errors, rerun with: -v
==18321== ERROR SUMMARY: 0 errors from 0 contexts (suppressed: 2 from 2)
==18322== 
==18322== HEAP SUMMARY:
==18322==     in use at exit: 5,479 bytes in 170 blocks
==18322==   total heap usage: 281 allocs, 111 frees, 17,140 bytes allocated
==18322== 
==18322== LEAK SUMMARY:
==18322==    definitely lost: 0 bytes in 0 blocks
==18322==    indirectly lost: 0 bytes in 0 blocks
==18322==      possibly lost: 0 bytes in 0 blocks
==18322==    still reachable: 5,479 bytes in 170 blocks
==18322==         suppressed: 0 bytes in 0 blocks
==18322== Rerun with --leak-check=full to see details of leaked memory
==18322== 
==18322== For counts of detected and suppressed errors, rerun with: -v
==18322== ERROR SUMMARY: 0 errors from 0 contexts (suppressed: 2 from 2)
==18323== 
==18323== HEAP SUMMARY:
==18323==     in use at exit: 4,988 bytes in 172 blocks
==18323==   total heap usage: 295 allocs, 123 frees, 16,706 bytes allocated
==18323== 
==18323== LEAK SUMMARY:
==18323==    definitely lost: 0 bytes in 0 blocks
==18323==    indirectly lost: 0 bytes in 0 blocks
==18323==      possibly lost: 0 bytes in 0 blocks
==18323==    still reachable: 4,988 bytes in 172 blocks
==18323==         suppressed: 0 bytes in 0 blocks
==18323== Rerun with --leak-check=full to see details of leaked memory
==18323== 
==18323== For counts of detected and suppressed errors, rerun with: -v
==18323== ERROR SUMMARY: 0 errors from 0 contexts (suppressed: 2 from 2)
==18324== 
==18324== HEAP SUMMARY:
==18324==     in use at exit: 5,065 bytes in 175 blocks
==18324==   total heap usage: 312 allocs, 137 frees, 17,976 bytes allocated
==18324== 
==18324== LEAK SUMMARY:
==18324==    definitely lost: 0 bytes in 0 blocks
==18324==    indirectly lost: 0 bytes in 0 blocks
==18324==      possibly lost: 0 bytes in 0 blocks
==18324==    still reachable: 5,065 bytes in 175 blocks
==18324==         suppressed: 0 bytes in 0 blocks
==18324== Rerun with --leak-check=full to see details of leaked memory
==18324== 
==18324== For counts of detected and suppressed errors, rerun with: -v
==18324== ERROR SUMMARY: 0 errors from 0 contexts (suppressed: 2 from 2)
==18325== 
==18325== HEAP SUMMARY:
==18325==     in use at exit: 5,206 bytes in 178 blocks
==18325==   total heap usage: 330 allocs, 152 frees, 19,374 bytes allocated
==18325== 
==18325== LEAK SUMMARY:
==18325==    definitely lost: 0 bytes in 0 blocks
==18325==    indirectly lost: 0 bytes in 0 blocks
==18325==      possibly lost: 0 bytes in 0 blocks
==18325==    still reachable: 5,206 bytes in 178 blocks
==18325==         suppressed: 0 bytes in 0 blocks
==18325== Rerun with --leak-check=full to see details of leaked memory
==18325== 
==18325== For counts of detected and suppressed errors, rerun with: -v
==18325== ERROR SUMMARY: 0 errors from 0 contexts (suppressed: 2 from 2)
==18311== 
==18311== HEAP SUMMARY:
==18311==     in use at exit: 389 bytes in 16 blocks
==18311==   total heap usage: 363 allocs, 347 frees, 22,681 bytes allocated
==18311== 
==18311== LEAK SUMMARY:
==18311==    definitely lost: 0 bytes in 0 blocks
==18311==    indirectly lost: 0 bytes in 0 blocks
==18311==      possibly lost: 0 bytes in 0 blocks
==18311==    still reachable: 389 bytes in 16 blocks
==18311==         suppressed: 0 bytes in 0 blocks
==18311== Rerun with --leak-check=full to see details of leaked memory
==18311== 
==18311== For counts of detected and suppressed errors, rerun with: -v
==18311== ERROR SUMMARY: 0 errors from 0 contexts (suppressed: 2 from 2)
