==18449== Memcheck, a memory error detector
==18449== Copyright (C) 2002-2011, and GNU GPL'd, by Julian Seward et al.
==18449== Using Valgrind-3.7.0 and LibVEX; rerun with -h for copyright info
==18449== Command: ./test/test
==18449== Parent PID: 5277
==18449== 
==18454== 
==18454== HEAP SUMMARY:
==18454==     in use at exit: 9,644 bytes in 403 blocks
==18454==   total heap usage: 437 allocs, 34 frees, 13,320 bytes allocated
==18454== 
==18454== LEAK SUMMARY:
==18454==    definitely lost: 16 bytes in 1 blocks
==18454==    indirectly lost: 0 bytes in 0 blocks
==18454==      possibly lost: 0 bytes in 0 blocks
==18454==    still reachable: 9,628 bytes in 402 blocks
==18454==         suppressed: 0 bytes in 0 blocks
==18454== Rerun with --leak-check=full to see details of leaked memory
==18454== 
==18454== For counts of detected and suppressed errors, rerun with: -v
==18454== ERROR SUMMARY: 0 errors from 0 contexts (suppressed: 2 from 2)
==18455== 
==18455== HEAP SUMMARY:
==18455==     in use at exit: 9,711 bytes in 406 blocks
==18455==   total heap usage: 485 allocs, 79 frees, 15,878 bytes allocated
==18455== 
==18455== LEAK SUMMARY:
==18455==    definitely lost: 16 bytes in 1 blocks
==18455==    indirectly lost: 0 bytes in 0 blocks
==18455==      possibly lost: 0 bytes in 0 blocks
==18455==    still reachable: 9,695 bytes in 405 blocks
==18455==         suppressed: 0 bytes in 0 blocks
==18455== Rerun with --leak-check=full to see details of leaked memory
==18455== 
==18455== For counts of detected and suppressed errors, rerun with: -v
==18455== ERROR SUMMARY: 0 errors from 0 contexts (suppressed: 2 from 2)
==18456== 
==18456== HEAP SUMMARY:
==18456==     in use at exit: 9,786 bytes in 409 blocks
==18456==   total heap usage: 535 allocs, 126 frees, 19,020 bytes allocated
==18456== 
==18456== LEAK SUMMARY:
==18456==    definitely lost: 16 bytes in 1 blocks
==18456==    indirectly lost: 0 bytes in 0 blocks
==18456==      possibly lost: 0 bytes in 0 blocks
==18456==    still reachable: 9,770 bytes in 408 blocks
==18456==         suppressed: 0 bytes in 0 blocks
==18456== Rerun with --leak-check=full to see details of leaked memory
==18456== 
==18456== For counts of detected and suppressed errors, rerun with: -v
==18456== ERROR SUMMARY: 0 errors from 0 contexts (suppressed: 2 from 2)
==18457== 
==18457== HEAP SUMMARY:
==18457==     in use at exit: 9,853 bytes in 411 blocks
==18457==   total heap usage: 570 allocs, 159 frees, 21,840 bytes allocated
==18457== 
==18457== LEAK SUMMARY:
==18457==    definitely lost: 0 bytes in 0 blocks
==18457==    indirectly lost: 0 bytes in 0 blocks
==18457==      possibly lost: 0 bytes in 0 blocks
==18457==    still reachable: 9,853 bytes in 411 blocks
==18457==         suppressed: 0 bytes in 0 blocks
==18457== Rerun with --leak-check=full to see details of leaked memory
==18457== 
==18457== For counts of detected and suppressed errors, rerun with: -v
==18457== ERROR SUMMARY: 0 errors from 0 contexts (suppressed: 2 from 2)
==18458== 
==18458== HEAP SUMMARY:
==18458==     in use at exit: 9,920 bytes in 414 blocks
==18458==   total heap usage: 589 allocs, 175 frees, 23,094 bytes allocated
==18458== 
==18458== LEAK SUMMARY:
==18458==    definitely lost: 0 bytes in 0 blocks
==18458==    indirectly lost: 0 bytes in 0 blocks
==18458==      possibly lost: 0 bytes in 0 blocks
==18458==    still reachable: 9,920 bytes in 414 blocks
==18458==         suppressed: 0 bytes in 0 blocks
==18458== Rerun with --leak-check=full to see details of leaked memory
==18458== 
==18458== For counts of detected and suppressed errors, rerun with: -v
==18458== ERROR SUMMARY: 0 errors from 0 contexts (suppressed: 2 from 2)
==18459== 
==18459== HEAP SUMMARY:
==18459==     in use at exit: 10,019 bytes in 417 blocks
==18459==   total heap usage: 609 allocs, 192 frees, 24,412 bytes allocated
==18459== 
==18459== LEAK SUMMARY:
==18459==    definitely lost: 0 bytes in 0 blocks
==18459==    indirectly lost: 0 bytes in 0 blocks
==18459==      possibly lost: 0 bytes in 0 blocks
==18459==    still reachable: 10,019 bytes in 417 blocks
==18459==         suppressed: 0 bytes in 0 blocks
==18459== Rerun with --leak-check=full to see details of leaked memory
==18459== 
==18459== For counts of detected and suppressed errors, rerun with: -v
==18459== ERROR SUMMARY: 0 errors from 0 contexts (suppressed: 2 from 2)
==18460== 
==18460== HEAP SUMMARY:
==18460==     in use at exit: 10,086 bytes in 420 blocks
==18460==   total heap usage: 628 allocs, 208 frees, 25,666 bytes allocated
==18460== 
==18460== LEAK SUMMARY:
==18460==    definitely lost: 0 bytes in 0 blocks
==18460==    indirectly lost: 0 bytes in 0 blocks
==18460==      possibly lost: 0 bytes in 0 blocks
==18460==    still reachable: 10,086 bytes in 420 blocks
==18460==         suppressed: 0 bytes in 0 blocks
==18460== Rerun with --leak-check=full to see details of leaked memory
==18460== 
==18460== For counts of detected and suppressed errors, rerun with: -v
==18460== ERROR SUMMARY: 0 errors from 0 contexts (suppressed: 2 from 2)
==18461== 
==18461== HEAP SUMMARY:
==18461==     in use at exit: 10,153 bytes in 423 blocks
==18461==   total heap usage: 647 allocs, 224 frees, 26,920 bytes allocated
==18461== 
==18461== LEAK SUMMARY:
==18461==    definitely lost: 0 bytes in 0 blocks
==18461==    indirectly lost: 0 bytes in 0 blocks
==18461==      possibly lost: 0 bytes in 0 blocks
==18461==    still reachable: 10,153 bytes in 423 blocks
==18461==         suppressed: 0 bytes in 0 blocks
==18461== Rerun with --leak-check=full to see details of leaked memory
==18461== 
==18461== For counts of detected and suppressed errors, rerun with: -v
==18461== ERROR SUMMARY: 0 errors from 0 contexts (suppressed: 2 from 2)
==18462== 
==18462== HEAP SUMMARY:
==18462==     in use at exit: 10,220 bytes in 426 blocks
==18462==   total heap usage: 666 allocs, 240 frees, 28,174 bytes allocated
==18462== 
==18462== LEAK SUMMARY:
==18462==    definitely lost: 0 bytes in 0 blocks
==18462==    indirectly lost: 0 bytes in 0 blocks
==18462==      possibly lost: 0 bytes in 0 blocks
==18462==    still reachable: 10,220 bytes in 426 blocks
==18462==         suppressed: 0 bytes in 0 blocks
==18462== Rerun with --leak-check=full to see details of leaked memory
==18462== 
==18462== For counts of detected and suppressed errors, rerun with: -v
==18462== ERROR SUMMARY: 0 errors from 0 contexts (suppressed: 2 from 2)
==18463== 
==18463== HEAP SUMMARY:
==18463==     in use at exit: 11,175 bytes in 431 blocks
==18463==   total heap usage: 689 allocs, 258 frees, 30,403 bytes allocated
==18463== 
==18463== LEAK SUMMARY:
==18463==    definitely lost: 256 bytes in 1 blocks
==18463==    indirectly lost: 0 bytes in 0 blocks
==18463==      possibly lost: 0 bytes in 0 blocks
==18463==    still reachable: 10,919 bytes in 430 blocks
==18463==         suppressed: 0 bytes in 0 blocks
==18463== Rerun with --leak-check=full to see details of leaked memory
==18463== 
==18463== For counts of detected and suppressed errors, rerun with: -v
==18463== ERROR SUMMARY: 0 errors from 0 contexts (suppressed: 2 from 2)
==18464== 
==18464== HEAP SUMMARY:
==18464==     in use at exit: 10,690 bytes in 434 blocks
==18464==   total heap usage: 740 allocs, 306 frees, 32,364 bytes allocated
==18464== 
==18464== LEAK SUMMARY:
==18464==    definitely lost: 272 bytes in 2 blocks
==18464==    indirectly lost: 0 bytes in 0 blocks
==18464==      possibly lost: 0 bytes in 0 blocks
==18464==    still reachable: 10,418 bytes in 432 blocks
==18464==         suppressed: 0 bytes in 0 blocks
==18464== Rerun with --leak-check=full to see details of leaked memory
==18464== 
==18464== For counts of detected and suppressed errors, rerun with: -v
==18464== ERROR SUMMARY: 0 errors from 0 contexts (suppressed: 2 from 2)
==18465== 
==18465== HEAP SUMMARY:
==18465==     in use at exit: 10,757 bytes in 437 blocks
==18465==   total heap usage: 805 allocs, 368 frees, 36,986 bytes allocated
==18465== 
==18465== LEAK SUMMARY:
==18465==    definitely lost: 272 bytes in 2 blocks
==18465==    indirectly lost: 0 bytes in 0 blocks
==18465==      possibly lost: 0 bytes in 0 blocks
==18465==    still reachable: 10,485 bytes in 435 blocks
==18465==         suppressed: 0 bytes in 0 blocks
==18465== Rerun with --leak-check=full to see details of leaked memory
==18465== 
==18465== For counts of detected and suppressed errors, rerun with: -v
==18465== ERROR SUMMARY: 0 errors from 0 contexts (suppressed: 2 from 2)
==18466== 
==18466== HEAP SUMMARY:
==18466==     in use at exit: 10,552 bytes in 438 blocks
==18466==   total heap usage: 837 allocs, 399 frees, 39,495 bytes allocated
==18466== 
==18466== LEAK SUMMARY:
==18466==    definitely lost: 0 bytes in 0 blocks
==18466==    indirectly lost: 0 bytes in 0 blocks
==18466==      possibly lost: 0 bytes in 0 blocks
==18466==    still reachable: 10,552 bytes in 438 blocks
==18466==         suppressed: 0 bytes in 0 blocks
==18466== Rerun with --leak-check=full to see details of leaked memory
==18466== 
==18466== For counts of detected and suppressed errors, rerun with: -v
==18466== ERROR SUMMARY: 0 errors from 0 contexts (suppressed: 2 from 2)
==18467== 
==18467== HEAP SUMMARY:
==18467==     in use at exit: 10,619 bytes in 441 blocks
==18467==   total heap usage: 853 allocs, 412 frees, 40,469 bytes allocated
==18467== 
==18467== LEAK SUMMARY:
==18467==    definitely lost: 0 bytes in 0 blocks
==18467==    indirectly lost: 0 bytes in 0 blocks
==18467==      possibly lost: 0 bytes in 0 blocks
==18467==    still reachable: 10,619 bytes in 441 blocks
==18467==         suppressed: 0 bytes in 0 blocks
==18467== Rerun with --leak-check=full to see details of leaked memory
==18467== 
==18467== For counts of detected and suppressed errors, rerun with: -v
==18467== ERROR SUMMARY: 0 errors from 0 contexts (suppressed: 2 from 2)
==18468== 
==18468== HEAP SUMMARY:
==18468==     in use at exit: 10,686 bytes in 444 blocks
==18468==   total heap usage: 869 allocs, 425 frees, 41,443 bytes allocated
==18468== 
==18468== LEAK SUMMARY:
==18468==    definitely lost: 0 bytes in 0 blocks
==18468==    indirectly lost: 0 bytes in 0 blocks
==18468==      possibly lost: 0 bytes in 0 blocks
==18468==    still reachable: 10,686 bytes in 444 blocks
==18468==         suppressed: 0 bytes in 0 blocks
==18468== Rerun with --leak-check=full to see details of leaked memory
==18468== 
==18468== For counts of detected and suppressed errors, rerun with: -v
==18468== ERROR SUMMARY: 0 errors from 0 contexts (suppressed: 2 from 2)
==18469== 
==18469== HEAP SUMMARY:
==18469==     in use at exit: 10,753 bytes in 447 blocks
==18469==   total heap usage: 885 allocs, 438 frees, 42,417 bytes allocated
==18469== 
==18469== LEAK SUMMARY:
==18469==    definitely lost: 0 bytes in 0 blocks
==18469==    indirectly lost: 0 bytes in 0 blocks
==18469==      possibly lost: 0 bytes in 0 blocks
==18469==    still reachable: 10,753 bytes in 447 blocks
==18469==         suppressed: 0 bytes in 0 blocks
==18469== Rerun with --leak-check=full to see details of leaked memory
==18469== 
==18469== For counts of detected and suppressed errors, rerun with: -v
==18469== ERROR SUMMARY: 0 errors from 0 contexts (suppressed: 2 from 2)
==18470== 
==18470== HEAP SUMMARY:
==18470==     in use at exit: 10,820 bytes in 450 blocks
==18470==   total heap usage: 901 allocs, 451 frees, 43,391 bytes allocated
==18470== 
==18470== LEAK SUMMARY:
==18470==    definitely lost: 0 bytes in 0 blocks
==18470==    indirectly lost: 0 bytes in 0 blocks
==18470==      possibly lost: 0 bytes in 0 blocks
==18470==    still reachable: 10,820 bytes in 450 blocks
==18470==         suppressed: 0 bytes in 0 blocks
==18470== Rerun with --leak-check=full to see details of leaked memory
==18470== 
==18470== For counts of detected and suppressed errors, rerun with: -v
==18470== ERROR SUMMARY: 0 errors from 0 contexts (suppressed: 2 from 2)
==18471== 
==18471== HEAP SUMMARY:
==18471==     in use at exit: 11,015 bytes in 453 blocks
==18471==   total heap usage: 918 allocs, 465 frees, 44,621 bytes allocated
==18471== 
==18471== LEAK SUMMARY:
==18471==    definitely lost: 0 bytes in 0 blocks
==18471==    indirectly lost: 0 bytes in 0 blocks
==18471==      possibly lost: 0 bytes in 0 blocks
==18471==    still reachable: 11,015 bytes in 453 blocks
==18471==         suppressed: 0 bytes in 0 blocks
==18471== Rerun with --leak-check=full to see details of leaked memory
==18471== 
==18471== For counts of detected and suppressed errors, rerun with: -v
==18471== ERROR SUMMARY: 0 errors from 0 contexts (suppressed: 2 from 2)
==18472== 
==18472== HEAP SUMMARY:
==18472==     in use at exit: 11,082 bytes in 456 blocks
==18472==   total heap usage: 934 allocs, 478 frees, 45,595 bytes allocated
==18472== 
==18472== LEAK SUMMARY:
==18472==    definitely lost: 0 bytes in 0 blocks
==18472==    indirectly lost: 0 bytes in 0 blocks
==18472==      possibly lost: 0 bytes in 0 blocks
==18472==    still reachable: 11,082 bytes in 456 blocks
==18472==         suppressed: 0 bytes in 0 blocks
==18472== Rerun with --leak-check=full to see details of leaked memory
==18472== 
==18472== For counts of detected and suppressed errors, rerun with: -v
==18472== ERROR SUMMARY: 0 errors from 0 contexts (suppressed: 2 from 2)
==18473== 
==18473== HEAP SUMMARY:
==18473==     in use at exit: 11,149 bytes in 459 blocks
==18473==   total heap usage: 950 allocs, 491 frees, 46,569 bytes allocated
==18473== 
==18473== LEAK SUMMARY:
==18473==    definitely lost: 0 bytes in 0 blocks
==18473==    indirectly lost: 0 bytes in 0 blocks
==18473==      possibly lost: 0 bytes in 0 blocks
==18473==    still reachable: 11,149 bytes in 459 blocks
==18473==         suppressed: 0 bytes in 0 blocks
==18473== Rerun with --leak-check=full to see details of leaked memory
==18473== 
==18473== For counts of detected and suppressed errors, rerun with: -v
==18473== ERROR SUMMARY: 0 errors from 0 contexts (suppressed: 2 from 2)
==18474== 
==18474== HEAP SUMMARY:
==18474==     in use at exit: 11,248 bytes in 464 blocks
==18474==   total heap usage: 983 allocs, 519 frees, 47,920 bytes allocated
==18474== 
==18474== LEAK SUMMARY:
==18474==    definitely lost: 32 bytes in 2 blocks
==18474==    indirectly lost: 0 bytes in 0 blocks
==18474==      possibly lost: 0 bytes in 0 blocks
==18474==    still reachable: 11,216 bytes in 462 blocks
==18474==         suppressed: 0 bytes in 0 blocks
==18474== Rerun with --leak-check=full to see details of leaked memory
==18474== 
==18474== For counts of detected and suppressed errors, rerun with: -v
==18474== ERROR SUMMARY: 0 errors from 0 contexts (suppressed: 2 from 2)
==18475== 
==18475== HEAP SUMMARY:
==18475==     in use at exit: 11,315 bytes in 467 blocks
==18475==   total heap usage: 1,032 allocs, 565 frees, 51,046 bytes allocated
==18475== 
==18475== LEAK SUMMARY:
==18475==    definitely lost: 32 bytes in 2 blocks
==18475==    indirectly lost: 0 bytes in 0 blocks
==18475==      possibly lost: 0 bytes in 0 blocks
==18475==    still reachable: 11,283 bytes in 465 blocks
==18475==         suppressed: 0 bytes in 0 blocks
==18475== Rerun with --leak-check=full to see details of leaked memory
==18475== 
==18475== For counts of detected and suppressed errors, rerun with: -v
==18475== ERROR SUMMARY: 0 errors from 0 contexts (suppressed: 2 from 2)
==18476== 
==18476== HEAP SUMMARY:
==18476==     in use at exit: 11,382 bytes in 470 blocks
==18476==   total heap usage: 1,081 allocs, 611 frees, 54,172 bytes allocated
==18476== 
==18476== LEAK SUMMARY:
==18476==    definitely lost: 32 bytes in 2 blocks
==18476==    indirectly lost: 0 bytes in 0 blocks
==18476==      possibly lost: 0 bytes in 0 blocks
==18476==    still reachable: 11,350 bytes in 468 blocks
==18476==         suppressed: 0 bytes in 0 blocks
==18476== Rerun with --leak-check=full to see details of leaked memory
==18476== 
==18476== For counts of detected and suppressed errors, rerun with: -v
==18476== ERROR SUMMARY: 0 errors from 0 contexts (suppressed: 2 from 2)
==18480== 
==18480== HEAP SUMMARY:
==18480==     in use at exit: 11,449 bytes in 473 blocks
==18480==   total heap usage: 1,130 allocs, 657 frees, 57,298 bytes allocated
==18480== 
==18480== LEAK SUMMARY:
==18480==    definitely lost: 32 bytes in 2 blocks
==18480==    indirectly lost: 0 bytes in 0 blocks
==18480==      possibly lost: 0 bytes in 0 blocks
==18480==    still reachable: 11,417 bytes in 471 blocks
==18480==         suppressed: 0 bytes in 0 blocks
==18480== Rerun with --leak-check=full to see details of leaked memory
==18480== 
==18480== For counts of detected and suppressed errors, rerun with: -v
==18480== ERROR SUMMARY: 0 errors from 0 contexts (suppressed: 2 from 2)
==18481== 
==18481== HEAP SUMMARY:
==18481==     in use at exit: 11,532 bytes in 477 blocks
==18481==   total heap usage: 1,180 allocs, 703 frees, 60,440 bytes allocated
==18481== 
==18481== LEAK SUMMARY:
==18481==    definitely lost: 48 bytes in 3 blocks
==18481==    indirectly lost: 0 bytes in 0 blocks
==18481==      possibly lost: 0 bytes in 0 blocks
==18481==    still reachable: 11,484 bytes in 474 blocks
==18481==         suppressed: 0 bytes in 0 blocks
==18481== Rerun with --leak-check=full to see details of leaked memory
==18481== 
==18481== For counts of detected and suppressed errors, rerun with: -v
==18481== ERROR SUMMARY: 0 errors from 0 contexts (suppressed: 2 from 2)
==18482== 
==18482== HEAP SUMMARY:
==18482==     in use at exit: 11,583 bytes in 479 blocks
==18482==   total heap usage: 1,234 allocs, 755 frees, 63,688 bytes allocated
==18482== 
==18482== LEAK SUMMARY:
==18482==    definitely lost: 32 bytes in 2 blocks
==18482==    indirectly lost: 0 bytes in 0 blocks
==18482==      possibly lost: 0 bytes in 0 blocks
==18482==    still reachable: 11,551 bytes in 477 blocks
==18482==         suppressed: 0 bytes in 0 blocks
==18482== Rerun with --leak-check=full to see details of leaked memory
==18482== 
==18482== For counts of detected and suppressed errors, rerun with: -v
==18482== ERROR SUMMARY: 0 errors from 0 contexts (suppressed: 2 from 2)
==18483== Conditional jump or move depends on uninitialised value(s)
==18483==    at 0x4042FC: mul1 (aes.c:85)
==18483==    by 0x404362: mul2 (aes.c:101)
==18483==    by 0x4045A4: inv_mix_columns (aes.c:126)
==18483==    by 0x4035D1: test_encrypt_decrypt (check_aes.c:450)
==18483==    by 0x407740: srunner_run_all (in /home/xzgao/NetBeansProjects/s2013-cee/week4-week4_AES/test/test)
==18483==    by 0x403C42: tmc_run_tests (tmc-check.c:99)
==18483==    by 0x403988: main (check_aes.c:508)
==18483== 
==18483== Conditional jump or move depends on uninitialised value(s)
==18483==    at 0x4042FC: mul1 (aes.c:85)
==18483==    by 0x404362: mul2 (aes.c:101)
==18483==    by 0x4045CD: inv_mix_columns (aes.c:126)
==18483==    by 0x4035D1: test_encrypt_decrypt (check_aes.c:450)
==18483==    by 0x407740: srunner_run_all (in /home/xzgao/NetBeansProjects/s2013-cee/week4-week4_AES/test/test)
==18483==    by 0x403C42: tmc_run_tests (tmc-check.c:99)
==18483==    by 0x403988: main (check_aes.c:508)
==18483== 
==18483== Conditional jump or move depends on uninitialised value(s)
==18483==    at 0x4042FC: mul1 (aes.c:85)
==18483==    by 0x404362: mul2 (aes.c:101)
==18483==    by 0x4045F6: inv_mix_columns (aes.c:126)
==18483==    by 0x4035D1: test_encrypt_decrypt (check_aes.c:450)
==18483==    by 0x407740: srunner_run_all (in /home/xzgao/NetBeansProjects/s2013-cee/week4-week4_AES/test/test)
==18483==    by 0x403C42: tmc_run_tests (tmc-check.c:99)
==18483==    by 0x403988: main (check_aes.c:508)
==18483== 
==18483== Conditional jump or move depends on uninitialised value(s)
==18483==    at 0x4042FC: mul1 (aes.c:85)
==18483==    by 0x404362: mul2 (aes.c:101)
==18483==    by 0x40457B: inv_mix_columns (aes.c:126)
==18483==    by 0x4035D1: test_encrypt_decrypt (check_aes.c:450)
==18483==    by 0x407740: srunner_run_all (in /home/xzgao/NetBeansProjects/s2013-cee/week4-week4_AES/test/test)
==18483==    by 0x403C42: tmc_run_tests (tmc-check.c:99)
==18483==    by 0x403988: main (check_aes.c:508)
==18483== 
==18483== Use of uninitialised value of size 8
==18483==    at 0x404299: sub_bytes (aes.c:76)
==18483==    by 0x4035F4: test_encrypt_decrypt (check_aes.c:452)
==18483==    by 0x407740: srunner_run_all (in /home/xzgao/NetBeansProjects/s2013-cee/week4-week4_AES/test/test)
==18483==    by 0x403C42: tmc_run_tests (tmc-check.c:99)
==18483==    by 0x403988: main (check_aes.c:508)
==18483== 
==18483== 
==18483== HEAP SUMMARY:
==18483==     in use at exit: 12,242 bytes in 489 blocks
==18483==   total heap usage: 1,301 allocs, 812 frees, 71,732 bytes allocated
==18483== 
==18483== LEAK SUMMARY:
==18483==    definitely lost: 624 bytes in 9 blocks
==18483==    indirectly lost: 0 bytes in 0 blocks
==18483==      possibly lost: 0 bytes in 0 blocks
==18483==    still reachable: 11,618 bytes in 480 blocks
==18483==         suppressed: 0 bytes in 0 blocks
==18483== Rerun with --leak-check=full to see details of leaked memory
==18483== 
==18483== For counts of detected and suppressed errors, rerun with: -v
==18483== Use --track-origins=yes to see where uninitialised values come from
==18483== ERROR SUMMARY: 232 errors from 5 contexts (suppressed: 2 from 2)
==18449== 
==18449== HEAP SUMMARY:
==18449==     in use at exit: 1,280 bytes in 63 blocks
==18449==   total heap usage: 1,360 allocs, 1,297 frees, 76,075 bytes allocated
==18449== 
==18449== LEAK SUMMARY:
==18449==    definitely lost: 0 bytes in 0 blocks
==18449==    indirectly lost: 0 bytes in 0 blocks
==18449==      possibly lost: 0 bytes in 0 blocks
==18449==    still reachable: 1,280 bytes in 63 blocks
==18449==         suppressed: 0 bytes in 0 blocks
==18449== Rerun with --leak-check=full to see details of leaked memory
==18449== 
==18449== For counts of detected and suppressed errors, rerun with: -v
==18449== ERROR SUMMARY: 0 errors from 0 contexts (suppressed: 2 from 2)
